<?xml version="1.0" encoding="UTF-8"?>
<!-- Generated by org.testng.reporters.JUnitReportReporter -->
<testsuite hostname="TYSS-Nandan-T" failures="0" tests="1" name="Testcases.TC_005_VerifyUserisAbletoAddWalletAddresses" time="68.073" errors="0" timestamp="2025-01-14T20:20:25 IST" skipped="0">
  <testcase classname="Testcases.TC_005_VerifyUserisAbletoAddWalletAddresses" name="TestWalletAddress" time="68.073"/>
</testsuite> <!-- Testcases.TC_005_VerifyUserisAbletoAddWalletAddresses -->
