<?xml version="1.0" encoding="UTF-8"?>
<!-- Generated by org.testng.reporters.JUnitReportReporter -->
<testsuite hostname="TYSS-Nandan-T" failures="0" tests="1" name="Testcases.TC_003_SignOut" time="2.124" errors="0" timestamp="2025-01-15T13:30:45 IST" skipped="0">
  <testcase classname="Testcases.TC_003_SignOut" name="SignOut" time="2.124"/>
</testsuite> <!-- Testcases.TC_003_SignOut -->
