<?xml version="1.0" encoding="UTF-8"?>
<!-- Generated by org.testng.reporters.JUnitReportReporter -->
<testsuite hostname="TYSS-Nandan-T" failures="0" tests="1" name="Testcases.TC_003_SignOut" time="3.730" errors="0" timestamp="2025-01-15T14:53:02 IST" skipped="0">
  <testcase classname="Testcases.TC_003_SignOut" name="SignOut" time="3.730"/>
</testsuite> <!-- Testcases.TC_003_SignOut -->
