<?xml version="1.0" encoding="UTF-8"?>
<!-- Generated by org.testng.reporters.JUnitReportReporter -->
<testsuite hostname="TYSS-Nandan-T" failures="0" tests="1" name="Testcases.TC_006_CreateNewPrivateBlockchain" time="45.401" errors="0" timestamp="2025-01-15T14:53:02 IST" skipped="0">
  <testcase classname="Testcases.TC_006_CreateNewPrivateBlockchain" name="createaNewblockchain" time="45.401"/>
</testsuite> <!-- Testcases.TC_006_CreateNewPrivateBlockchain -->
